# JRE version: Java(TM) SE Runtime Environment (8.0_144-b01) (build 1.8.0_144-b01)
# Java VM: Java HotSpot(TM) 64-Bit Server VM (25.144-b01 mixed mode windows-amd64 compressed oops)
Heap:
 PSYoungGen      total 184832K, used 135152K [0x0000000783100000, 0x0000000793d00000, 0x00000007c0000000)
  eden space 172032K, 71% used [0x0000000783100000,0x000000078a87e120,0x000000078d900000)
  from space 12800K, 99% used [0x000000078d900000,0x000000078e57e0e0,0x000000078e580000)
  to   space 16896K, 0% used [0x0000000792c80000,0x0000000792c80000,0x0000000793d00000)
 ParOldGen       total 126976K, used 25687K [0x0000000709200000, 0x0000000710e00000, 0x0000000783100000)
  object space 126976K, 20% used [0x0000000709200000,0x000000070ab15db0,0x0000000710e00000)
 Metaspace       used 55767K, capacity 57526K, committed 57648K, reserved 1099776K
  class space    used 6842K, capacity 7159K, committed 7216K, reserved 1048576K
GC Heap History (10 events):
Event: 5.112 GC heap before
{Heap before GC invocations=7 (full 1):
 PSYoungGen      total 100352K, used 92606K [0x0000000783100000, 0x000000078b800000, 0x00000007c0000000)
  eden space 92672K, 91% used [0x0000000783100000,0x00000007883f22a0,0x0000000788b80000)
  from space 7680K, 99% used [0x0000000788b80000,0x00000007892fd640,0x0000000789300000)
  to   space 9728K, 0% used [0x000000078ae80000,0x000000078ae80000,0x000000078b800000)
 ParOldGen       total 77824K, used 8425K [0x0000000709200000, 0x000000070de00000, 0x0000000783100000)
  object space 77824K, 10% used [0x0000000709200000,0x0000000709a3a748,0x000000070de00000)
 Metaspace       used 34098K, capacity 35282K, committed 35496K, reserved 1081344K
  class space    used 4348K, capacity 4587K, committed 4656K, reserved 1048576K
Event: 5.132 GC heap after
Heap after GC invocations=7 (full 1):
 PSYoungGen      total 124416K, used 9713K [0x0000000783100000, 0x000000078d600000, 0x00000007c0000000)
  eden space 114688K, 0% used [0x0000000783100000,0x0000000783100000,0x000000078a100000)
  from space 9728K, 99% used [0x000000078ae80000,0x000000078b7fc5b0,0x000000078b800000)
  to   space 13824K, 0% used [0x000000078a100000,0x000000078a100000,0x000000078ae80000)
 ParOldGen       total 77824K, used 13588K [0x0000000709200000, 0x000000070de00000, 0x0000000783100000)
  object space 77824K, 17% used [0x0000000709200000,0x0000000709f45308,0x000000070de00000)
 Metaspace       used 34098K, capacity 35282K, committed 35496K, reserved 1081344K
  class space    used 4348K, capacity 4587K, committed 4656K, reserved 1048576K
}
Event: 5.132 GC heap before
{Heap before GC invocations=8 (full 2):
 PSYoungGen      total 124416K, used 9713K [0x0000000783100000, 0x000000078d600000, 0x00000007c0000000)
  eden space 114688K, 0% used [0x0000000783100000,0x0000000783100000,0x000000078a100000)
  from space 9728K, 99% used [0x000000078ae80000,0x000000078b7fc5b0,0x000000078b800000)
  to   space 13824K, 0% used [0x000000078a100000,0x000000078a100000,0x000000078ae80000)
 ParOldGen       total 77824K, used 13588K [0x0000000709200000, 0x000000070de00000, 0x0000000783100000)
  object space 77824K, 17% used [0x0000000709200000,0x0000000709f45308,0x000000070de00000)
 Metaspace       used 34098K, capacity 35282K, committed 35496K, reserved 1081344K
  class space    used 4348K, capacity 4587K, committed 4656K, reserved 1048576K
Event: 5.202 GC heap after
Heap after GC invocations=8 (full 2):
 PSYoungGen      total 124416K, used 0K [0x0000000783100000, 0x000000078d600000, 0x00000007c0000000)
  eden space 114688K, 0% used [0x0000000783100000,0x0000000783100000,0x000000078a100000)
  from space 9728K, 0% used [0x000000078ae80000,0x000000078ae80000,0x000000078b800000)
  to   space 13824K, 0% used [0x000000078a100000,0x000000078a100000,0x000000078ae80000)
 ParOldGen       total 126976K, used 19425K [0x0000000709200000, 0x0000000710e00000, 0x0000000783100000)
  object space 126976K, 15% used [0x0000000709200000,0x000000070a4f8628,0x0000000710e00000)
 Metaspace       used 34098K, capacity 35282K, committed 35496K, reserved 1081344K
  class space    used 4348K, capacity 4587K, committed 4656K, reserved 1048576K
}
Event: 6.608 GC heap before
{Heap before GC invocations=9 (full 2):
 PSYoungGen      total 124416K, used 114688K [0x0000000783100000, 0x000000078d600000, 0x00000007c0000000)
  eden space 114688K, 100% used [0x0000000783100000,0x000000078a100000,0x000000078a100000)
  from space 9728K, 0% used [0x000000078ae80000,0x000000078ae80000,0x000000078b800000)
  to   space 13824K, 0% used [0x000000078a100000,0x000000078a100000,0x000000078ae80000)
 ParOldGen       total 126976K, used 19425K [0x0000000709200000, 0x0000000710e00000, 0x0000000783100000)
  object space 126976K, 15% used [0x0000000709200000,0x000000070a4f8628,0x0000000710e00000)
 Metaspace       used 42824K, capacity 44148K, committed 44336K, reserved 1087488K
  class space    used 5339K, capacity 5604K, committed 5680K, reserved 1048576K
Event: 6.627 GC heap after
Heap after GC invocations=9 (full 2):
 PSYoungGen      total 128512K, used 9244K [0x0000000783100000, 0x000000078f280000, 0x00000007c0000000)
  eden space 114688K, 0% used [0x0000000783100000,0x0000000783100000,0x000000078a100000)
  from space 13824K, 66% used [0x000000078a100000,0x000000078aa073d0,0x000000078ae80000)
  to   space 13312K, 0% used [0x000000078e580000,0x000000078e580000,0x000000078f280000)
 ParOldGen       total 126976K, used 19433K [0x0000000709200000, 0x0000000710e00000, 0x0000000783100000)
  object space 126976K, 15% used [0x0000000709200000,0x000000070a4fa628,0x0000000710e00000)
 Metaspace       used 42824K, capacity 44148K, committed 44336K, reserved 1087488K
  class space    used 5339K, capacity 5604K, committed 5680K, reserved 1048576K
}
Event: 7.070 GC heap before
{Heap before GC invocations=10 (full 2):
 PSYoungGen      total 128512K, used 123932K [0x0000000783100000, 0x000000078f280000, 0x00000007c0000000)
  eden space 114688K, 100% used [0x0000000783100000,0x000000078a100000,0x000000078a100000)
  from space 13824K, 66% used [0x000000078a100000,0x000000078aa073d0,0x000000078ae80000)
  to   space 13312K, 0% used [0x000000078e580000,0x000000078e580000,0x000000078f280000)
 ParOldGen       total 126976K, used 19433K [0x0000000709200000, 0x0000000710e00000, 0x0000000783100000)
  object space 126976K, 15% used [0x0000000709200000,0x000000070a4fa628,0x0000000710e00000)
 Metaspace       used 43881K, capacity 45184K, committed 45360K, reserved 1089536K
  class space    used 5396K, capacity 5670K, committed 5680K, reserved 1048576K
Event: 7.111 GC heap after
Heap after GC invocations=10 (full 2):
 PSYoungGen      total 185344K, used 9406K [0x0000000783100000, 0x0000000790200000, 0x00000007c0000000)
  eden space 172032K, 0% used [0x0000000783100000,0x0000000783100000,0x000000078d900000)
  from space 13312K, 70% used [0x000000078e580000,0x000000078eeaf800,0x000000078f280000)
  to   space 12800K, 0% used [0x000000078d900000,0x000000078d900000,0x000000078e580000)
 ParOldGen       total 126976K, used 19441K [0x0000000709200000, 0x0000000710e00000, 0x0000000783100000)
  object space 126976K, 15% used [0x0000000709200000,0x000000070a4fc628,0x0000000710e00000)
 Metaspace       used 43881K, capacity 45184K, committed 45360K, reserved 1089536K
  class space    used 5396K, capacity 5670K, committed 5680K, reserved 1048576K
}
Event: 8.435 GC heap before
{Heap before GC invocations=11 (full 2):
 PSYoungGen      total 185344K, used 181438K [0x0000000783100000, 0x0000000790200000, 0x00000007c0000000)
  eden space 172032K, 100% used [0x0000000783100000,0x000000078d900000,0x000000078d900000)
  from space 13312K, 70% used [0x000000078e580000,0x000000078eeaf800,0x000000078f280000)
  to   space 12800K, 0% used [0x000000078d900000,0x000000078d900000,0x000000078e580000)
 ParOldGen       total 126976K, used 19441K [0x0000000709200000, 0x0000000710e00000, 0x0000000783100000)
  object space 126976K, 15% used [0x0000000709200000,0x000000070a4fc628,0x0000000710e00000)
 Metaspace       used 49131K, capacity 50632K, committed 50864K, reserved 1093632K
  class space    used 5997K, capacity 6304K, committed 6320K, reserved 1048576K
Event: 8.504 GC heap after
Heap after GC invocations=11 (full 2):
 PSYoungGen      total 184832K, used 12792K [0x0000000783100000, 0x0000000793d00000, 0x00000007c0000000)
  eden space 172032K, 0% used [0x0000000783100000,0x0000000783100000,0x000000078d900000)
  from space 12800K, 99% used [0x000000078d900000,0x000000078e57e0e0,0x000000078e580000)
  to   space 16896K, 0% used [0x0000000792c80000,0x0000000792c80000,0x0000000793d00000)
 ParOldGen       total 126976K, used 25687K [0x0000000709200000, 0x0000000710e00000, 0x0000000783100000)
  object space 126976K, 20% used [0x0000000709200000,0x000000070ab15db0,0x0000000710e00000)
 Metaspace       used 49131K, capacity 50632K, committed 50864K, reserved 1093632K
  class space    used 5997K, capacity 6304K, committed 6320K, reserved 1048576K
}

